<?xml version="1.0" encoding="UTF-8"?>
<!-- Generated by org.testng.reporters.JUnitXMLReporter -->
<testsuite hostname="DESKTOP-RMAAUL4" name="Regression" tests="7" failures="0" timestamp="17 Jul 2016 00:13:08 GMT" time="60.178" errors="0">
  <testcase name="testLogin" time="4.371" classname="tests.CreateTest"/>
  <testcase name="testLogin" time="4.19" classname="tests.CreateTest"/>
  <testcase name="testLogin" time="4.097" classname="tests.CreateTest"/>
  <testcase name="testLogin" time="2.89" classname="tests.CreateTest"/>
  <testcase name="testLogin" time="2.687" classname="tests.CreateTest"/>
  <testcase name="testLogin" time="2.733" classname="tests.CreateTest"/>
  <testcase name="testLogin" time="2.641" classname="tests.CreateTest"/>
</testsuite> <!-- Regression -->
