<?xml version="1.0" encoding="UTF-8"?>
<!-- Generated by org.testng.reporters.JUnitXMLReporter -->
<testsuite hostname="DESKTOP-RMAAUL4" name="Regression" tests="7" failures="0" timestamp="15 Jul 2016 22:39:29 GMT" time="31.005" errors="0">
  <testcase name="testLogin" time="3.306" classname="tests.CreateTest"/>
  <testcase name="testLogin" time="3.168" classname="tests.CreateTest"/>
  <testcase name="testLogin" time="2.998" classname="tests.CreateTest"/>
  <testcase name="testLogin" time="2.792" classname="tests.CreateTest"/>
  <testcase name="testLogin" time="2.583" classname="tests.CreateTest"/>
  <testcase name="testLogin" time="2.622" classname="tests.CreateTest"/>
  <testcase name="testLogin" time="2.804" classname="tests.CreateTest"/>
</testsuite> <!-- Regression -->
