<?xml version="1.0" encoding="UTF-8"?>
<testsuite name="Regression"
           tests="7"
           failures="0"
           errors="0"
           skipped="0"
           time="20.273">
  <properties />
  
  
            <testcase name="testLogin" time="2.792" classname="tests.CreateTest" />
                <testcase name="testLogin" time="2.804" classname="tests.CreateTest" />
                <testcase name="testLogin" time="2.998" classname="tests.CreateTest" />
                <testcase name="testLogin" time="3.306" classname="tests.CreateTest" />
                <testcase name="testLogin" time="2.583" classname="tests.CreateTest" />
                <testcase name="testLogin" time="3.168" classname="tests.CreateTest" />
                <testcase name="testLogin" time="2.622" classname="tests.CreateTest" />
      
</testsuite>
