<?xml version="1.0" encoding="UTF-8"?>
<testng-results skipped="0" failed="0" total="7" passed="7">
  <reporter-output>
  </reporter-output>
  <suite name="Suite" duration-ms="60178" started-at="2016-07-17T00:12:08Z" finished-at="2016-07-17T00:13:08Z">
    <groups>
    </groups>
    <test name="Regression" duration-ms="60178" started-at="2016-07-17T00:12:08Z" finished-at="2016-07-17T00:13:08Z">
      <class name="tests.CreateTest">
        <test-method status="PASS" signature="setUp()[pri:0, instance:tests.CreateTest@c39f790]" name="setUp" is-config="true" duration-ms="31943" started-at="2016-07-16T17:12:08Z" finished-at="2016-07-16T17:12:40Z">
          <reporter-output>
          </reporter-output>
        </test-method> <!-- setUp -->
        <test-method status="PASS" signature="testLogin(int, common.DataDriverXLS)[pri:0, instance:tests.CreateTest@c39f790]" name="testLogin" duration-ms="4371" started-at="2016-07-16T17:12:42Z" data-provider="testCase" finished-at="2016-07-16T17:12:46Z">
          <params>
            <param index="0">
              <value>
                <![CDATA[3]]>
              </value>
            </param>
            <param index="1">
              <value>
                <![CDATA[common.DataDriverXLS@1b835480]]>
              </value>
            </param>
          </params>
          <reporter-output>
          </reporter-output>
        </test-method> <!-- testLogin -->
        <test-method status="PASS" signature="testLogin(int, common.DataDriverXLS)[pri:0, instance:tests.CreateTest@c39f790]" name="testLogin" duration-ms="4190" started-at="2016-07-16T17:12:46Z" data-provider="testCase" finished-at="2016-07-16T17:12:50Z">
          <params>
            <param index="0">
              <value>
                <![CDATA[4]]>
              </value>
            </param>
            <param index="1">
              <value>
                <![CDATA[common.DataDriverXLS@1b835480]]>
              </value>
            </param>
          </params>
          <reporter-output>
          </reporter-output>
        </test-method> <!-- testLogin -->
        <test-method status="PASS" signature="testLogin(int, common.DataDriverXLS)[pri:0, instance:tests.CreateTest@c39f790]" name="testLogin" duration-ms="4097" started-at="2016-07-16T17:12:50Z" data-provider="testCase" finished-at="2016-07-16T17:12:54Z">
          <params>
            <param index="0">
              <value>
                <![CDATA[5]]>
              </value>
            </param>
            <param index="1">
              <value>
                <![CDATA[common.DataDriverXLS@1b835480]]>
              </value>
            </param>
          </params>
          <reporter-output>
          </reporter-output>
        </test-method> <!-- testLogin -->
        <test-method status="PASS" signature="testLogin(int, common.DataDriverXLS)[pri:0, instance:tests.CreateTest@c39f790]" name="testLogin" duration-ms="2890" started-at="2016-07-16T17:12:54Z" data-provider="testCase" finished-at="2016-07-16T17:12:57Z">
          <params>
            <param index="0">
              <value>
                <![CDATA[6]]>
              </value>
            </param>
            <param index="1">
              <value>
                <![CDATA[common.DataDriverXLS@1b835480]]>
              </value>
            </param>
          </params>
          <reporter-output>
          </reporter-output>
        </test-method> <!-- testLogin -->
        <test-method status="PASS" signature="testLogin(int, common.DataDriverXLS)[pri:0, instance:tests.CreateTest@c39f790]" name="testLogin" duration-ms="2687" started-at="2016-07-16T17:12:57Z" data-provider="testCase" finished-at="2016-07-16T17:13:00Z">
          <params>
            <param index="0">
              <value>
                <![CDATA[7]]>
              </value>
            </param>
            <param index="1">
              <value>
                <![CDATA[common.DataDriverXLS@1b835480]]>
              </value>
            </param>
          </params>
          <reporter-output>
          </reporter-output>
        </test-method> <!-- testLogin -->
        <test-method status="PASS" signature="testLogin(int, common.DataDriverXLS)[pri:0, instance:tests.CreateTest@c39f790]" name="testLogin" duration-ms="2733" started-at="2016-07-16T17:13:00Z" data-provider="testCase" finished-at="2016-07-16T17:13:03Z">
          <params>
            <param index="0">
              <value>
                <![CDATA[8]]>
              </value>
            </param>
            <param index="1">
              <value>
                <![CDATA[common.DataDriverXLS@1b835480]]>
              </value>
            </param>
          </params>
          <reporter-output>
          </reporter-output>
        </test-method> <!-- testLogin -->
        <test-method status="PASS" signature="testLogin(int, common.DataDriverXLS)[pri:0, instance:tests.CreateTest@c39f790]" name="testLogin" duration-ms="2641" started-at="2016-07-16T17:13:03Z" data-provider="testCase" finished-at="2016-07-16T17:13:05Z">
          <params>
            <param index="0">
              <value>
                <![CDATA[10]]>
              </value>
            </param>
            <param index="1">
              <value>
                <![CDATA[common.DataDriverXLS@1b835480]]>
              </value>
            </param>
          </params>
          <reporter-output>
          </reporter-output>
        </test-method> <!-- testLogin -->
        <test-method status="PASS" signature="tearDown()[pri:0, instance:tests.CreateTest@c39f790]" name="tearDown" is-config="true" duration-ms="2722" started-at="2016-07-16T17:13:05Z" finished-at="2016-07-16T17:13:08Z">
          <reporter-output>
          </reporter-output>
        </test-method> <!-- tearDown -->
      </class> <!-- tests.CreateTest -->
    </test> <!-- Regression -->
  </suite> <!-- Suite -->
</testng-results>
