<?xml version="1.0" encoding="UTF-8"?>
<testng-results skipped="0" failed="0" total="7" passed="7">
  <reporter-output>
  </reporter-output>
  <suite name="Suite" duration-ms="31005" started-at="2016-07-15T22:38:58Z" finished-at="2016-07-15T22:39:29Z">
    <groups>
    </groups>
    <test name="Regression" duration-ms="31005" started-at="2016-07-15T22:38:58Z" finished-at="2016-07-15T22:39:29Z">
      <class name="tests.CreateTest">
        <test-method status="PASS" signature="setUp()[pri:0, instance:tests.CreateTest@5315b42e]" name="setUp" is-config="true" duration-ms="8254" started-at="2016-07-15T15:38:58Z" finished-at="2016-07-15T15:39:06Z">
          <reporter-output>
          </reporter-output>
        </test-method> <!-- setUp -->
        <test-method status="PASS" signature="testLogin(int, common.DataDriverXLS)[pri:0, instance:tests.CreateTest@5315b42e]" name="testLogin" duration-ms="3306" started-at="2016-07-15T15:39:07Z" data-provider="testCase" finished-at="2016-07-15T15:39:10Z">
          <params>
            <param index="0">
              <value>
                <![CDATA[3]]>
              </value>
            </param>
            <param index="1">
              <value>
                <![CDATA[common.DataDriverXLS@2d96543c]]>
              </value>
            </param>
          </params>
          <reporter-output>
          </reporter-output>
        </test-method> <!-- testLogin -->
        <test-method status="PASS" signature="testLogin(int, common.DataDriverXLS)[pri:0, instance:tests.CreateTest@5315b42e]" name="testLogin" duration-ms="3168" started-at="2016-07-15T15:39:10Z" data-provider="testCase" finished-at="2016-07-15T15:39:14Z">
          <params>
            <param index="0">
              <value>
                <![CDATA[4]]>
              </value>
            </param>
            <param index="1">
              <value>
                <![CDATA[common.DataDriverXLS@2d96543c]]>
              </value>
            </param>
          </params>
          <reporter-output>
          </reporter-output>
        </test-method> <!-- testLogin -->
        <test-method status="PASS" signature="testLogin(int, common.DataDriverXLS)[pri:0, instance:tests.CreateTest@5315b42e]" name="testLogin" duration-ms="2998" started-at="2016-07-15T15:39:14Z" data-provider="testCase" finished-at="2016-07-15T15:39:17Z">
          <params>
            <param index="0">
              <value>
                <![CDATA[5]]>
              </value>
            </param>
            <param index="1">
              <value>
                <![CDATA[common.DataDriverXLS@2d96543c]]>
              </value>
            </param>
          </params>
          <reporter-output>
          </reporter-output>
        </test-method> <!-- testLogin -->
        <test-method status="PASS" signature="testLogin(int, common.DataDriverXLS)[pri:0, instance:tests.CreateTest@5315b42e]" name="testLogin" duration-ms="2792" started-at="2016-07-15T15:39:17Z" data-provider="testCase" finished-at="2016-07-15T15:39:19Z">
          <params>
            <param index="0">
              <value>
                <![CDATA[6]]>
              </value>
            </param>
            <param index="1">
              <value>
                <![CDATA[common.DataDriverXLS@2d96543c]]>
              </value>
            </param>
          </params>
          <reporter-output>
          </reporter-output>
        </test-method> <!-- testLogin -->
        <test-method status="PASS" signature="testLogin(int, common.DataDriverXLS)[pri:0, instance:tests.CreateTest@5315b42e]" name="testLogin" duration-ms="2583" started-at="2016-07-15T15:39:19Z" data-provider="testCase" finished-at="2016-07-15T15:39:22Z">
          <params>
            <param index="0">
              <value>
                <![CDATA[7]]>
              </value>
            </param>
            <param index="1">
              <value>
                <![CDATA[common.DataDriverXLS@2d96543c]]>
              </value>
            </param>
          </params>
          <reporter-output>
          </reporter-output>
        </test-method> <!-- testLogin -->
        <test-method status="PASS" signature="testLogin(int, common.DataDriverXLS)[pri:0, instance:tests.CreateTest@5315b42e]" name="testLogin" duration-ms="2622" started-at="2016-07-15T15:39:22Z" data-provider="testCase" finished-at="2016-07-15T15:39:25Z">
          <params>
            <param index="0">
              <value>
                <![CDATA[8]]>
              </value>
            </param>
            <param index="1">
              <value>
                <![CDATA[common.DataDriverXLS@2d96543c]]>
              </value>
            </param>
          </params>
          <reporter-output>
          </reporter-output>
        </test-method> <!-- testLogin -->
        <test-method status="PASS" signature="testLogin(int, common.DataDriverXLS)[pri:0, instance:tests.CreateTest@5315b42e]" name="testLogin" duration-ms="2804" started-at="2016-07-15T15:39:25Z" data-provider="testCase" finished-at="2016-07-15T15:39:27Z">
          <params>
            <param index="0">
              <value>
                <![CDATA[10]]>
              </value>
            </param>
            <param index="1">
              <value>
                <![CDATA[common.DataDriverXLS@2d96543c]]>
              </value>
            </param>
          </params>
          <reporter-output>
          </reporter-output>
        </test-method> <!-- testLogin -->
        <test-method status="PASS" signature="tearDown()[pri:0, instance:tests.CreateTest@5315b42e]" name="tearDown" is-config="true" duration-ms="1348" started-at="2016-07-15T15:39:27Z" finished-at="2016-07-15T15:39:29Z">
          <reporter-output>
          </reporter-output>
        </test-method> <!-- tearDown -->
      </class> <!-- tests.CreateTest -->
    </test> <!-- Regression -->
  </suite> <!-- Suite -->
</testng-results>
